<?xml version="1.0" encoding="UTF-8"?>
<!-- Generated by org.testng.reporters.JUnitXMLReporter -->
<testsuite hostname="G1C2ML15541" name="Default test" tests="3" failures="0" timestamp="5 Aug 2018 13:35:53 GMT" time="221.235" errors="0">
  <testcase name="f" time="22.582" classname="com.mindtree.com.mindtree.Work.Flightbooking"/>
  <testcase name="h" time="21.639" classname="com.mindtree.com.mindtree.Work.Flightbooking"/>
  <testcase name="i" time="36.001" classname="com.mindtree.com.mindtree.Work.Flightbooking"/>
</testsuite> <!-- Default test -->
