<?xml version="1.0" encoding="UTF-8"?>
<testng-results skipped="0" failed="0" total="3" passed="3">
  <reporter-output>
  </reporter-output>
  <suite name="Suite" duration-ms="149104" started-at="2018-08-05T13:54:48Z" finished-at="2018-08-05T13:57:17Z">
    <groups>
      <group name="two way">
        <method signature="Flightbooking.h()[pri:0, instance:com.mindtree.com.mindtree.Work.Flightbooking@6a024a67]" name="h" class="com.mindtree.com.mindtree.Work.Flightbooking"/>
        <method signature="Flightbooking.i()[pri:0, instance:com.mindtree.com.mindtree.Work.Flightbooking@6a024a67]" name="i" class="com.mindtree.com.mindtree.Work.Flightbooking"/>
      </group> <!-- two way -->
    </groups>
    <test name="Fb" duration-ms="149104" started-at="2018-08-05T13:54:48Z" finished-at="2018-08-05T13:57:17Z">
      <class name="com.mindtree.com.mindtree.Work.Flightbooking">
        <test-method status="PASS" signature="beforeMethod()[pri:0, instance:com.mindtree.com.mindtree.Work.Flightbooking@6a024a67]" name="beforeMethod" is-config="true" duration-ms="21851" started-at="2018-08-05T19:24:48Z" finished-at="2018-08-05T19:25:10Z">
          <reporter-output>
          </reporter-output>
        </test-method> <!-- beforeMethod -->
        <test-method status="PASS" signature="f()[pri:0, instance:com.mindtree.com.mindtree.Work.Flightbooking@6a024a67]" name="f" duration-ms="20209" started-at="2018-08-05T19:25:10Z" finished-at="2018-08-05T19:25:30Z">
          <reporter-output>
          </reporter-output>
        </test-method> <!-- f -->
        <test-method status="PASS" signature="afterMethod()[pri:0, instance:com.mindtree.com.mindtree.Work.Flightbooking@6a024a67]" name="afterMethod" is-config="true" duration-ms="6788" started-at="2018-08-05T19:25:30Z" finished-at="2018-08-05T19:25:37Z">
          <reporter-output>
          </reporter-output>
        </test-method> <!-- afterMethod -->
        <test-method status="PASS" signature="beforeMethod()[pri:0, instance:com.mindtree.com.mindtree.Work.Flightbooking@6a024a67]" name="beforeMethod" is-config="true" duration-ms="22911" started-at="2018-08-05T19:25:37Z" finished-at="2018-08-05T19:26:00Z">
          <reporter-output>
          </reporter-output>
        </test-method> <!-- beforeMethod -->
        <test-method status="PASS" signature="h()[pri:0, instance:com.mindtree.com.mindtree.Work.Flightbooking@6a024a67]" name="h" duration-ms="20203" started-at="2018-08-05T19:26:00Z" finished-at="2018-08-05T19:26:20Z">
          <reporter-output>
          </reporter-output>
        </test-method> <!-- h -->
        <test-method status="PASS" signature="afterMethod()[pri:0, instance:com.mindtree.com.mindtree.Work.Flightbooking@6a024a67]" name="afterMethod" is-config="true" duration-ms="6629" started-at="2018-08-05T19:26:20Z" finished-at="2018-08-05T19:26:27Z">
          <reporter-output>
          </reporter-output>
        </test-method> <!-- afterMethod -->
        <test-method status="PASS" signature="beforeMethod()[pri:0, instance:com.mindtree.com.mindtree.Work.Flightbooking@6a024a67]" name="beforeMethod" is-config="true" duration-ms="22901" started-at="2018-08-05T19:26:27Z" finished-at="2018-08-05T19:26:49Z">
          <reporter-output>
          </reporter-output>
        </test-method> <!-- beforeMethod -->
        <test-method status="PASS" signature="i()[pri:0, instance:com.mindtree.com.mindtree.Work.Flightbooking@6a024a67]" name="i" duration-ms="20999" started-at="2018-08-05T19:26:49Z" finished-at="2018-08-05T19:27:10Z">
          <reporter-output>
          </reporter-output>
        </test-method> <!-- i -->
        <test-method status="PASS" signature="afterMethod()[pri:0, instance:com.mindtree.com.mindtree.Work.Flightbooking@6a024a67]" name="afterMethod" is-config="true" duration-ms="6577" started-at="2018-08-05T19:27:10Z" finished-at="2018-08-05T19:27:17Z">
          <reporter-output>
          </reporter-output>
        </test-method> <!-- afterMethod -->
      </class> <!-- com.mindtree.com.mindtree.Work.Flightbooking -->
    </test> <!-- Fb -->
  </suite> <!-- Suite -->
</testng-results>
