<?xml version="1.0" encoding="UTF-8"?>
<!-- Generated by org.testng.reporters.JUnitXMLReporter -->
<testsuite hostname="G1C2ML15541" name="Fb" tests="3" failures="0" timestamp="5 Aug 2018 13:57:17 GMT" time="149.104" errors="0">
  <testcase name="f" time="20.209" classname="com.mindtree.com.mindtree.Work.Flightbooking"/>
  <testcase name="h" time="20.203" classname="com.mindtree.com.mindtree.Work.Flightbooking"/>
  <testcase name="i" time="20.999" classname="com.mindtree.com.mindtree.Work.Flightbooking"/>
</testsuite> <!-- Fb -->
