<?xml version="1.0" encoding="UTF-8"?>
<!-- Generated by org.testng.reporters.JUnitXMLReporter -->
<testsuite hostname="G1C2ML15541" name="Test" tests="3" failures="0" timestamp="5 Aug 2018 13:22:41 GMT" time="140.393" errors="0">
  <testcase name="f" time="21.303" classname="com.mindtree.com.mindtree.Work.Flightbooking"/>
  <testcase name="h" time="22.679" classname="com.mindtree.com.mindtree.Work.Flightbooking"/>
  <testcase name="i" time="21.576" classname="com.mindtree.com.mindtree.Work.Flightbooking"/>
</testsuite> <!-- Test -->
